SF:lib/src/model/inline_attributes.dart
DA:7,8
DA:18,5
DA:19,5
DA:20,5
DA:21,5
DA:22,5
DA:23,5
DA:24,5
DA:25,5
DA:26,5
DA:27,5
DA:40,6
DA:41,6
DA:42,6
DA:43,6
DA:44,6
DA:45,6
DA:46,6
DA:47,6
DA:48,6
DA:50,5
DA:51,5
DA:52,15
DA:53,11
DA:54,9
DA:55,5
DA:56,5
DA:57,11
DA:58,11
DA:59,9
DA:63,6
DA:73,6
DA:74,4
DA:75,6
DA:76,6
DA:77,6
DA:78,6
DA:79,6
DA:80,6
DA:81,6
DA:85,8
DA:88,7
DA:89,21
DA:90,18
DA:91,18
DA:92,15
DA:93,15
DA:94,15
DA:95,15
DA:96,15
DA:99,2
DA:100,2
DA:101,2
DA:102,2
DA:103,2
DA:104,2
DA:105,2
DA:106,2
DA:107,2
DA:108,2
DA:111,0
DA:112,0
LF:62
LH:60
end_of_record
SF:lib/src/model/delta_op.dart
DA:9,12
DA:11,4
DA:12,4
DA:14,8
DA:15,2
DA:24,12
DA:27,4
DA:28,4
DA:29,4
DA:30,4
DA:31,3
DA:32,3
DA:41,1
DA:42,2
DA:45,4
DA:47,4
DA:48,4
DA:49,8
DA:50,17
DA:54,4
DA:57,4
DA:58,12
DA:59,12
DA:62,0
DA:63,0
DA:65,0
DA:66,0
LF:27
LH:23
end_of_record
SF:lib/src/model/text_delta.dart
DA:10,12
DA:12,2
DA:14,11
DA:15,33
DA:17,3
DA:19,9
DA:20,3
DA:21,6
DA:26,9
DA:27,9
DA:28,18
DA:29,27
DA:31,9
DA:34,0
DA:35,0
DA:37,6
DA:39,1
DA:40,5
DA:42,4
DA:43,12
DA:44,4
DA:47,8
DA:48,4
DA:49,0
DA:53,12
DA:56,8
DA:57,1
DA:61,8
DA:63,16
DA:65,8
DA:66,16
DA:67,16
DA:69,24
DA:71,4
DA:72,0
DA:74,4
DA:75,4
DA:76,4
DA:78,8
DA:79,10
DA:80,12
DA:81,12
DA:83,12
DA:84,12
DA:85,12
DA:86,12
DA:88,12
DA:93,4
DA:94,9
DA:98,8
DA:101,1
DA:102,3
DA:103,1
DA:106,2
DA:107,1
DA:108,0
DA:112,3
DA:115,2
DA:117,4
DA:118,4
DA:119,1
DA:120,1
DA:121,2
DA:122,1
DA:127,2
DA:130,18
DA:132,6
DA:133,6
DA:134,12
DA:135,18
DA:136,15
DA:137,3
DA:138,9
DA:139,4
DA:140,3
DA:141,1
DA:146,6
DA:148,6
DA:151,4
DA:154,18
DA:155,12
DA:156,15
DA:161,0
DA:162,0
DA:164,0
DA:165,0
LF:86
LH:77
end_of_record
SF:lib/src/model/block_node.dart
DA:12,7
DA:18,4
DA:19,7
DA:20,7
DA:22,2
DA:23,2
DA:24,2
DA:25,2
DA:26,2
DA:27,2
DA:28,3
DA:29,1
DA:30,2
DA:31,4
DA:42,4
DA:49,4
DA:50,4
DA:51,4
DA:52,6
DA:53,8
DA:54,4
DA:58,2
DA:59,2
DA:60,4
DA:61,4
DA:62,6
DA:63,4
DA:64,6
DA:65,8
DA:69,2
DA:72,2
DA:73,18
DA:76,10
DA:77,5
DA:78,5
DA:80,10
DA:81,6
DA:82,0
DA:87,0
DA:88,0
DA:89,0
DA:90,0
DA:91,0
DA:92,0
DA:93,0
DA:96,0
DA:97,0
LF:47
LH:37
end_of_record
SF:lib/src/model/block_document.dart
DA:9,4
DA:11,2
DA:12,6
DA:15,1
DA:16,1
DA:17,1
DA:18,4
DA:24,3
DA:25,3
DA:27,12
DA:29,4
DA:30,8
DA:31,8
DA:32,6
DA:38,4
DA:39,4
DA:40,8
DA:44,4
DA:45,8
DA:46,4
DA:47,8
DA:51,4
DA:52,4
DA:55,1
DA:56,6
DA:59,2
DA:62,6
DA:65,4
DA:66,5
DA:71,0
DA:72,0
DA:74,0
DA:75,0
LF:33
LH:29
end_of_record
SF:lib/src/controller/block_controller.dart
DA:17,3
DA:47,3
DA:48,0
DA:50,9
DA:66,6
DA:72,2
DA:73,4
DA:76,6
DA:79,6
DA:87,2
DA:88,2
DA:90,2
DA:91,1
DA:92,2
DA:93,3
DA:94,2
DA:95,12
DA:96,2
DA:97,6
DA:98,6
DA:99,9
DA:100,4
DA:104,3
DA:105,9
DA:106,15
DA:107,6
DA:110,3
DA:111,6
DA:112,6
DA:115,3
DA:120,6
DA:121,9
DA:122,2
DA:123,0
DA:124,0
DA:128,3
DA:131,2
DA:132,2
DA:133,4
DA:134,4
DA:135,4
DA:143,3
DA:144,12
DA:145,3
DA:146,12
DA:147,3
DA:148,3
DA:150,6
DA:151,6
DA:157,10
DA:162,1
DA:163,6
DA:164,4
DA:165,2
DA:171,2
DA:172,4
DA:173,2
DA:174,6
DA:175,2
DA:176,2
DA:178,4
DA:179,2
DA:187,3
DA:188,6
DA:189,3
DA:190,12
DA:191,3
DA:192,3
DA:194,6
DA:195,3
DA:201,2
DA:202,4
DA:204,4
DA:209,3
DA:210,6
DA:212,15
DA:216,2
DA:217,4
DA:219,4
DA:224,2
DA:230,4
DA:231,2
DA:232,6
DA:238,1
DA:239,6
DA:240,2
DA:241,2
DA:243,1
DA:244,3
DA:245,1
DA:246,3
DA:247,1
DA:248,1
DA:250,2
DA:251,1
DA:257,8
DA:260,3
DA:265,2
DA:266,2
DA:267,6
DA:268,4
DA:269,6
DA:270,4
DA:271,4
DA:278,1
DA:279,1
DA:280,2
DA:281,2
DA:282,1
DA:283,2
DA:284,2
DA:291,1
DA:292,1
DA:293,2
DA:300,3
DA:301,3
DA:302,9
DA:306,3
DA:307,3
DA:308,6
DA:317,2
DA:318,4
DA:319,2
DA:320,2
DA:321,2
DA:322,6
DA:323,2
DA:324,2
DA:325,4
DA:326,4
DA:332,2
DA:333,2
DA:338,3
DA:339,6
DA:340,6
LF:135
LH:132
end_of_record
SF:lib/src/model/editor_selection.dart
DA:13,4
DA:22,1
DA:23,1
DA:24,1
DA:25,0
DA:29,2
DA:31,2
DA:32,6
DA:33,6
DA:35,0
DA:36,0
DA:38,0
DA:39,0
DA:47,6
DA:61,6
DA:70,2
DA:76,4
DA:82,1
DA:83,1
DA:86,2
DA:88,8
DA:90,0
DA:91,0
DA:93,0
DA:94,0
DA:106,3
DA:120,6
DA:121,18
DA:122,18
DA:124,6
DA:125,12
DA:127,6
DA:128,9
DA:130,30
DA:131,18
DA:133,3
DA:137,1
DA:138,1
DA:139,1
DA:140,0
DA:144,1
DA:146,1
DA:147,3
DA:148,3
DA:150,0
DA:151,0
DA:153,0
DA:154,0
LF:48
LH:34
end_of_record
SF:lib/src/rendering/rich_text_renderer.dart
DA:29,6
DA:61,6
DA:63,6
DA:64,6
DA:65,12
DA:66,6
DA:67,12
DA:71,6
DA:72,6
DA:75,18
DA:76,6
DA:79,12
DA:80,18
DA:81,6
DA:87,6
DA:88,6
DA:89,6
DA:90,6
DA:92,6
DA:93,6
DA:94,6
DA:95,6
DA:97,1
DA:98,6
DA:101,6
DA:103,3
DA:106,12
DA:109,6
DA:110,6
DA:111,7
DA:112,6
DA:113,1
DA:115,6
DA:116,1
DA:119,6
DA:120,6
DA:121,4
DA:127,6
DA:128,6
DA:130,6
DA:132,3
DA:134,3
DA:135,6
DA:136,3
DA:137,12
DA:138,4
DA:139,2
DA:142,12
DA:143,4
DA:145,12
DA:146,6
DA:147,0
DA:148,6
DA:149,3
DA:153,1
DA:154,8
LF:56
LH:55
end_of_record
SF:lib/src/rendering/block_event.dart
DA:14,3
DA:27,2
DA:39,2
DA:50,1
LF:4
LH:4
end_of_record
SF:lib/src/rendering/block_widgets.dart
DA:7,2
DA:8,4
DA:11,2
DA:13,2
DA:17,2
DA:20,2
DA:23,2
DA:26,4
DA:32,4
DA:52,4
DA:53,4
DA:59,4
DA:61,4
DA:62,2
DA:63,6
DA:64,12
DA:66,4
DA:67,4
DA:68,8
DA:69,8
DA:70,8
DA:80,2
DA:100,2
DA:101,2
DA:107,2
DA:109,2
DA:110,1
DA:111,3
DA:112,6
DA:114,2
DA:115,2
DA:116,4
DA:117,4
DA:118,4
DA:128,2
DA:148,2
DA:149,2
DA:155,2
DA:157,2
DA:158,1
DA:159,3
DA:160,6
DA:162,2
DA:163,2
DA:164,4
DA:165,4
DA:166,4
DA:176,2
DA:196,2
DA:197,2
DA:203,2
DA:205,2
DA:206,1
DA:207,3
DA:208,6
DA:210,2
DA:211,2
DA:212,4
DA:213,4
DA:214,4
DA:224,2
DA:248,2
DA:249,2
DA:255,2
DA:257,8
DA:258,2
DA:259,4
DA:260,2
DA:262,2
DA:267,2
DA:268,2
DA:269,1
DA:270,3
DA:271,3
DA:272,3
DA:275,2
DA:276,2
DA:277,4
DA:278,4
DA:279,4
DA:293,3
DA:321,3
DA:322,3
DA:328,3
DA:330,12
DA:331,3
DA:332,6
DA:333,3
DA:335,3
DA:336,3
DA:338,3
DA:339,9
DA:343,3
DA:344,3
DA:345,1
DA:346,3
DA:347,3
DA:348,3
DA:351,3
DA:352,3
DA:353,6
DA:354,6
DA:355,6
DA:369,3
DA:393,3
DA:394,3
DA:400,3
DA:402,3
DA:404,3
DA:405,3
DA:406,8
DA:407,2
DA:408,4
DA:409,4
DA:412,3
DA:414,9
DA:417,3
DA:418,3
DA:419,1
DA:420,3
DA:421,6
DA:423,3
DA:424,3
DA:425,6
DA:426,6
DA:427,6
DA:428,3
DA:430,6
DA:431,6
DA:442,3
DA:446,3
DA:448,3
DA:451,3
DA:452,3
DA:453,3
DA:454,3
DA:456,3
DA:470,2
DA:490,2
DA:491,2
DA:497,2
DA:499,2
DA:500,1
DA:501,3
DA:502,6
DA:504,2
DA:508,2
DA:510,2
DA:511,2
DA:512,4
DA:513,4
DA:514,4
DA:526,2
DA:534,2
LF:154
LH:154
end_of_record
SF:lib/src/rendering/block_renderer.dart
DA:26,3
DA:46,3
DA:48,7
DA:49,6
DA:51,6
DA:52,6
DA:53,6
DA:55,3
DA:56,3
DA:58,3
DA:59,2
DA:61,1
DA:62,1
DA:64,3
DA:65,2
DA:67,1
DA:68,1
DA:70,3
DA:71,2
DA:73,1
DA:74,1
DA:76,3
DA:77,2
DA:80,1
DA:81,1
DA:83,4
DA:84,4
DA:87,2
DA:88,2
DA:89,2
DA:91,4
DA:92,4
DA:94,2
DA:95,2
DA:96,2
DA:98,2
DA:99,2
DA:101,1
DA:102,1
DA:104,5
DA:105,5
DA:116,1
DA:124,1
DA:126,1
DA:127,2
LF:45
LH:45
end_of_record
SF:lib/src/rendering/block_cursor.dart
DA:27,2
DA:75,2
DA:76,2
DA:84,2
DA:86,2
DA:87,4
DA:88,4
DA:90,6
DA:91,2
DA:92,4
DA:93,2
DA:97,3
DA:101,1
DA:103,1
DA:104,2
DA:105,0
DA:109,2
DA:111,4
DA:112,2
DA:115,2
DA:116,4
DA:117,2
DA:118,10
DA:119,8
DA:123,2
DA:124,4
DA:125,4
DA:128,2
DA:129,4
DA:130,1
DA:131,2
DA:132,2
DA:133,2
DA:134,2
DA:137,2
DA:139,2
DA:140,2
DA:143,2
DA:144,2
DA:145,2
DA:146,2
DA:147,2
DA:148,4
DA:149,2
DA:150,4
DA:151,10
DA:152,4
DA:157,2
DA:163,2
DA:177,2
DA:179,4
DA:181,4
DA:182,2
DA:185,2
DA:186,6
DA:188,4
DA:190,2
DA:191,12
DA:192,6
DA:195,2
DA:196,2
DA:197,4
DA:198,4
DA:199,2
DA:201,2
DA:202,8
DA:207,1
DA:209,3
DA:210,3
DA:211,3
DA:212,3
LF:71
LH:70
end_of_record
SF:lib/src/rendering/block_selection_overlay.dart
DA:14,2
DA:19,2
DA:21,2
DA:22,6
DA:23,6
DA:27,1
DA:29,3
DA:54,1
DA:70,2
DA:72,4
DA:73,2
DA:74,4
DA:75,2
LF:13
LH:13
end_of_record
SF:lib/src/rendering/block_editor_widget.dart
DA:38,1
DA:66,1
DA:67,1
DA:77,1
DA:78,3
DA:80,1
DA:82,1
DA:83,4
DA:84,2
DA:85,2
DA:86,2
DA:88,6
DA:89,3
DA:91,6
DA:92,3
DA:96,0
DA:98,0
DA:99,0
DA:100,0
DA:101,0
DA:102,0
DA:103,0
DA:104,0
DA:106,0
DA:107,0
DA:110,0
DA:111,0
DA:112,0
DA:113,0
DA:114,0
DA:115,0
DA:116,0
DA:121,1
DA:123,2
DA:124,2
DA:125,2
DA:126,2
DA:127,1
DA:130,1
DA:131,2
DA:133,1
DA:134,3
DA:135,4
DA:136,2
DA:137,1
DA:138,5
DA:139,1
DA:141,0
DA:142,0
DA:146,1
DA:147,2
DA:148,2
DA:153,2
DA:154,2
DA:155,2
DA:156,2
DA:157,1
DA:159,1
DA:160,3
DA:163,1
DA:164,3
DA:167,0
DA:168,1
DA:169,0
DA:172,1
DA:173,0
DA:176,1
DA:177,0
DA:180,1
DA:181,0
DA:184,1
DA:185,3
DA:188,1
DA:189,0
DA:192,1
DA:193,0
DA:196,1
DA:197,1
DA:198,0
DA:201,1
DA:202,0
DA:205,1
DA:206,0
DA:209,1
DA:210,0
DA:213,0
DA:214,0
DA:217,0
DA:218,0
DA:221,1
DA:222,0
DA:225,1
DA:226,0
DA:230,0
DA:231,0
DA:232,0
DA:233,0
DA:241,0
DA:242,0
DA:243,0
DA:246,1
DA:247,3
DA:248,1
DA:249,3
DA:250,2
DA:251,3
DA:252,1
DA:255,1
DA:257,3
DA:258,3
DA:259,1
DA:267,1
DA:268,2
DA:269,3
DA:272,1
DA:274,4
DA:276,1
DA:277,1
DA:278,2
DA:279,1
DA:280,1
DA:281,1
DA:282,2
DA:283,2
DA:284,1
DA:286,2
DA:288,7
DA:290,1
DA:292,2
DA:293,1
DA:294,1
DA:295,1
DA:297,2
DA:298,1
DA:300,1
DA:307,1
DA:308,3
DA:310,1
DA:311,1
DA:312,1
DA:313,0
DA:314,0
DA:315,1
DA:316,3
DA:318,1
DA:319,1
DA:320,2
DA:321,1
DA:328,2
DA:330,1
DA:331,1
DA:332,1
LF:152
LH:107
end_of_record
SF:lib/src/editing/editor_editing_operations.dart
DA:12,2
DA:21,1
DA:22,1
DA:23,2
DA:24,1
DA:25,2
DA:26,2
DA:27,3
DA:29,1
DA:30,1
DA:32,4
DA:33,3
DA:34,4
DA:41,1
DA:42,2
DA:43,1
DA:44,1
DA:47,1
DA:48,2
DA:49,2
DA:50,3
DA:53,1
DA:54,1
DA:55,1
DA:56,4
DA:57,3
DA:58,3
DA:62,3
DA:63,4
DA:64,1
DA:65,2
DA:66,1
DA:67,2
DA:68,2
DA:69,1
DA:70,2
DA:71,1
DA:72,2
DA:74,2
DA:75,3
DA:82,1
DA:83,2
DA:84,1
DA:85,0
DA:88,1
DA:89,2
DA:90,2
DA:91,3
DA:93,1
DA:94,1
DA:96,2
DA:97,4
DA:98,3
DA:99,2
DA:103,3
DA:104,4
DA:105,3
DA:106,2
DA:107,2
DA:108,4
DA:109,3
DA:110,2
DA:119,1
DA:120,2
DA:121,1
DA:122,2
DA:123,2
DA:124,3
DA:126,1
DA:127,1
DA:128,2
DA:130,1
DA:131,2
DA:132,2
DA:136,1
DA:137,1
DA:138,3
DA:139,1
DA:140,1
DA:141,3
DA:142,1
DA:144,3
DA:145,4
DA:146,3
DA:147,3
DA:153,1
DA:154,2
DA:155,1
DA:156,5
DA:157,2
DA:158,2
DA:159,6
DA:165,1
DA:166,2
DA:167,1
DA:168,5
DA:169,2
DA:170,2
DA:171,6
DA:177,2
DA:182,2
DA:187,1
DA:188,1
DA:191,1
DA:192,2
DA:193,1
DA:194,4
DA:198,1
DA:199,2
DA:200,1
DA:201,5
DA:203,3
DA:204,4
DA:208,1
DA:209,3
DA:210,1
DA:211,4
DA:215,1
DA:216,3
DA:217,1
DA:218,1
DA:219,3
DA:220,3
DA:226,1
DA:227,2
DA:228,1
DA:229,2
DA:230,2
DA:231,3
DA:233,2
DA:235,1
DA:236,3
DA:237,4
DA:238,1
DA:239,2
DA:240,3
DA:241,3
DA:245,3
DA:251,1
DA:252,2
DA:253,1
DA:254,2
DA:255,2
DA:256,3
DA:258,2
DA:260,2
DA:261,3
DA:262,4
DA:263,3
DA:264,5
DA:268,3
DA:271,1
DA:272,7
DA:273,1
DA:274,2
DA:275,2
DA:276,2
DA:277,2
DA:279,1
DA:280,3
DA:282,2
DA:284,3
DA:285,3
DA:286,2
DA:290,3
DA:291,3
DA:294,2
DA:295,2
DA:297,3
DA:299,3
DA:300,4
DA:301,4
DA:302,2
DA:303,4
DA:305,3
DA:306,2
DA:309,1
DA:310,2
DA:311,1
DA:312,7
DA:313,1
DA:314,5
DA:315,2
DA:316,2
DA:317,2
DA:318,2
DA:323,0
DA:325,0
DA:326,0
DA:327,0
DA:328,0
DA:332,0
DA:333,0
DA:334,0
DA:336,0
DA:337,0
DA:338,0
DA:339,0
DA:340,0
DA:341,0
DA:344,0
DA:345,0
DA:347,0
DA:352,1
DA:353,1
DA:354,1
DA:355,1
DA:357,1
DA:358,1
DA:359,4
DA:360,0
DA:362,4
DA:363,1
DA:368,1
DA:370,4
DA:371,0
DA:373,4
DA:374,1
DA:379,3
LF:219
LH:199
end_of_record
SF:lib/src/rendering/block_drag_handle.dart
DA:13,2
DA:41,2
DA:42,2
DA:48,2
DA:50,6
DA:51,2
DA:53,4
DA:54,4
DA:57,2
DA:58,0
DA:59,0
DA:60,2
DA:62,2
DA:63,4
DA:64,4
DA:65,6
DA:66,2
DA:67,2
DA:79,2
DA:81,2
DA:83,6
DA:95,2
DA:123,2
DA:124,2
DA:130,2
DA:132,2
DA:133,5
DA:134,1
DA:135,1
DA:136,2
DA:137,1
DA:138,1
DA:140,3
DA:142,3
DA:143,1
DA:147,0
DA:148,4
DA:149,2
DA:150,2
DA:152,2
DA:153,4
DA:154,4
DA:163,2
DA:165,1
DA:167,1
DA:170,1
DA:172,1
DA:184,2
DA:192,1
DA:194,1
DA:196,1
DA:197,1
DA:199,1
DA:200,1
DA:201,1
DA:203,2
LF:56
LH:53
end_of_record
