SF:lib/src/model/inline_attributes.dart
DA:7,7
DA:18,5
DA:19,5
DA:20,5
DA:21,5
DA:22,5
DA:23,5
DA:24,5
DA:25,5
DA:26,5
DA:27,5
DA:40,6
DA:41,6
DA:42,6
DA:43,6
DA:44,6
DA:45,6
DA:46,6
DA:47,6
DA:48,6
DA:50,5
DA:51,5
DA:52,15
DA:53,11
DA:54,9
DA:55,5
DA:56,5
DA:57,11
DA:58,11
DA:59,9
DA:63,5
DA:73,5
DA:74,3
DA:75,5
DA:76,5
DA:77,5
DA:78,5
DA:79,5
DA:80,5
DA:81,5
DA:85,8
DA:88,7
DA:89,21
DA:90,15
DA:91,15
DA:92,15
DA:93,15
DA:94,15
DA:95,15
DA:96,15
DA:99,2
DA:100,2
DA:101,2
DA:102,2
DA:103,2
DA:104,2
DA:105,2
DA:106,2
DA:107,2
DA:108,2
DA:111,0
DA:112,0
LF:62
LH:60
end_of_record
SF:lib/src/model/delta_op.dart
DA:14,13
DA:19,5
DA:20,5
DA:22,9
DA:23,3
DA:24,3
DA:25,2
DA:37,13
DA:41,4
DA:42,4
DA:43,4
DA:44,4
DA:45,3
DA:46,3
DA:59,1
DA:60,2
DA:63,4
DA:65,4
DA:66,4
DA:67,8
DA:68,17
DA:72,4
DA:75,4
DA:76,12
DA:77,12
DA:80,0
DA:81,0
DA:83,0
DA:84,0
DA:96,1
DA:99,1
DA:100,2
DA:106,1
DA:108,2
DA:111,1
DA:114,4
DA:117,1
DA:118,2
DA:120,1
DA:121,2
DA:132,1
DA:135,1
DA:136,2
DA:142,1
DA:144,2
DA:147,1
DA:150,4
DA:153,1
DA:154,2
DA:156,1
DA:157,2
LF:51
LH:47
end_of_record
SF:lib/src/model/text_delta.dart
DA:10,14
DA:12,3
DA:14,12
DA:15,36
DA:17,3
DA:19,9
DA:20,3
DA:21,6
DA:26,10
DA:27,10
DA:28,20
DA:29,28
DA:31,10
DA:34,3
DA:35,0
DA:37,6
DA:39,2
DA:40,10
DA:42,3
DA:43,9
DA:44,3
DA:47,6
DA:48,3
DA:49,0
DA:53,9
DA:56,6
DA:57,1
DA:61,6
DA:63,12
DA:65,6
DA:66,12
DA:67,12
DA:69,18
DA:71,3
DA:72,0
DA:74,3
DA:75,3
DA:76,3
DA:78,6
DA:79,7
DA:80,9
DA:81,9
DA:83,9
DA:84,9
DA:85,9
DA:86,9
DA:88,9
DA:93,3
DA:94,6
DA:98,6
DA:101,2
DA:102,6
DA:103,2
DA:106,4
DA:107,2
DA:108,0
DA:112,6
DA:115,4
DA:117,8
DA:118,8
DA:119,2
DA:120,2
DA:121,4
DA:122,2
DA:127,4
DA:130,18
DA:132,7
DA:133,7
DA:134,14
DA:135,21
DA:136,19
DA:137,3
DA:138,9
DA:139,8
DA:140,6
DA:141,2
DA:146,7
DA:148,7
DA:151,4
DA:154,18
DA:155,12
DA:156,15
DA:161,0
DA:162,0
DA:164,0
DA:165,0
LF:86
LH:78
end_of_record
SF:lib/src/model/block_node.dart
DA:12,14
DA:18,11
DA:19,14
DA:20,14
DA:22,5
DA:23,5
DA:24,5
DA:25,5
DA:26,5
DA:27,5
DA:28,3
DA:29,1
DA:30,5
DA:31,4
DA:42,6
DA:49,6
DA:50,6
DA:51,6
DA:52,8
DA:53,12
DA:54,5
DA:58,5
DA:59,5
DA:60,10
DA:61,10
DA:62,18
DA:63,10
DA:64,6
DA:65,11
DA:69,3
DA:72,2
DA:73,18
DA:76,10
DA:77,5
DA:78,5
DA:80,10
DA:81,6
DA:82,0
DA:87,0
DA:88,0
DA:89,0
DA:90,0
DA:91,0
DA:92,0
DA:93,0
DA:96,0
DA:97,0
LF:47
LH:37
end_of_record
SF:lib/src/model/block_document.dart
DA:9,5
DA:11,2
DA:12,6
DA:15,1
DA:16,1
DA:17,1
DA:18,4
DA:24,3
DA:25,3
DA:27,15
DA:29,5
DA:30,10
DA:31,10
DA:32,10
DA:38,5
DA:39,5
DA:40,10
DA:44,5
DA:45,10
DA:46,5
DA:47,10
DA:51,5
DA:52,5
DA:55,1
DA:56,6
DA:59,2
DA:62,6
DA:65,4
DA:66,5
DA:71,0
DA:72,0
DA:74,0
DA:75,0
LF:33
LH:29
end_of_record
SF:lib/src/controller/block_controller.dart
DA:19,4
DA:49,4
DA:50,0
DA:52,12
DA:69,6
DA:75,2
DA:76,4
DA:79,6
DA:82,6
DA:90,2
DA:91,2
DA:93,2
DA:94,1
DA:95,2
DA:96,3
DA:97,2
DA:98,12
DA:99,2
DA:100,6
DA:101,6
DA:102,9
DA:103,4
DA:116,1
DA:117,2
DA:118,2
DA:119,1
DA:121,3
DA:124,4
DA:125,12
DA:126,20
DA:127,8
DA:130,4
DA:131,8
DA:132,8
DA:133,8
DA:134,8
DA:135,8
DA:136,1
DA:138,1
DA:144,4
DA:149,8
DA:150,12
DA:151,2
DA:152,0
DA:153,0
DA:157,4
DA:160,2
DA:161,2
DA:162,4
DA:163,4
DA:164,4
DA:172,4
DA:173,16
DA:174,4
DA:175,16
DA:176,4
DA:177,4
DA:179,8
DA:180,8
DA:186,20
DA:191,1
DA:192,6
DA:193,4
DA:194,2
DA:201,2
DA:202,4
DA:203,2
DA:204,6
DA:205,2
DA:206,2
DA:208,4
DA:209,2
DA:212,4
DA:213,0
DA:219,4
DA:220,8
DA:221,4
DA:222,16
DA:223,4
DA:224,4
DA:226,8
DA:227,4
DA:233,3
DA:234,6
DA:236,6
DA:241,3
DA:242,6
DA:244,15
DA:248,2
DA:249,4
DA:251,4
DA:256,1
DA:262,2
DA:263,1
DA:264,3
DA:270,1
DA:271,6
DA:272,2
DA:273,2
DA:275,1
DA:276,3
DA:277,1
DA:278,3
DA:279,1
DA:280,1
DA:282,2
DA:283,1
DA:289,8
DA:292,3
DA:297,2
DA:298,2
DA:299,6
DA:300,4
DA:301,6
DA:302,4
DA:303,4
DA:310,1
DA:311,1
DA:312,2
DA:313,2
DA:314,1
DA:315,2
DA:316,2
DA:323,1
DA:324,1
DA:325,2
DA:331,3
DA:332,3
DA:333,9
DA:337,3
DA:338,3
DA:339,6
DA:346,2
DA:347,4
DA:348,2
DA:349,2
DA:350,2
DA:351,6
DA:352,2
DA:353,2
DA:354,4
DA:355,4
DA:361,2
DA:362,2
DA:370,1
DA:372,3
DA:373,1
DA:375,2
DA:376,3
DA:385,4
DA:386,8
DA:387,8
DA:388,9
DA:389,2
DA:391,8
LF:155
LH:151
end_of_record
SF:lib/src/model/editor_selection.dart
DA:13,4
DA:22,1
DA:23,1
DA:24,1
DA:25,0
DA:29,2
DA:31,2
DA:32,6
DA:33,6
DA:35,0
DA:36,0
DA:38,0
DA:39,0
DA:47,6
DA:61,6
DA:70,2
DA:76,4
DA:82,1
DA:83,1
DA:86,2
DA:88,8
DA:90,0
DA:91,0
DA:93,0
DA:94,0
DA:106,4
DA:120,6
DA:121,18
DA:122,18
DA:124,6
DA:125,12
DA:127,6
DA:128,9
DA:130,30
DA:131,18
DA:133,3
DA:137,1
DA:138,1
DA:139,1
DA:140,0
DA:144,1
DA:146,1
DA:147,3
DA:148,3
DA:150,0
DA:151,0
DA:153,0
DA:154,0
LF:48
LH:34
end_of_record
SF:lib/src/rendering/rich_text_renderer.dart
DA:38,7
DA:78,7
DA:80,9
DA:81,7
DA:82,7
DA:83,14
DA:84,7
DA:85,14
DA:89,7
DA:90,7
DA:93,21
DA:94,7
DA:95,4
DA:96,1
DA:97,1
DA:102,2
DA:106,7
DA:107,1
DA:108,1
DA:109,2
DA:113,4
DA:117,6
DA:118,0
DA:122,12
DA:124,6
DA:126,6
DA:127,2
DA:128,2
DA:130,12
DA:139,1
DA:140,4
DA:143,1
DA:144,1
DA:145,2
DA:146,2
DA:147,1
DA:149,1
DA:150,3
DA:151,1
DA:152,1
DA:153,2
DA:160,1
DA:161,2
DA:162,1
DA:163,1
DA:165,1
DA:166,1
DA:167,2
DA:174,1
DA:175,3
DA:176,1
DA:177,1
DA:178,2
DA:188,1
DA:189,1
DA:190,1
DA:191,1
DA:193,1
DA:194,1
DA:195,0
DA:197,1
DA:198,0
DA:200,1
DA:202,1
DA:203,1
DA:204,1
DA:205,1
DA:207,0
DA:208,1
DA:211,1
DA:213,0
DA:216,2
DA:219,6
DA:220,6
DA:221,6
DA:222,6
DA:224,6
DA:225,6
DA:226,6
DA:227,6
DA:229,1
DA:230,6
DA:233,6
DA:235,3
DA:238,12
DA:241,6
DA:242,6
DA:243,7
DA:244,6
DA:245,1
DA:247,6
DA:248,1
DA:251,6
DA:252,6
DA:253,4
DA:259,6
DA:260,6
DA:262,6
DA:264,3
DA:266,3
DA:267,6
DA:268,3
DA:269,12
DA:270,4
DA:271,2
DA:274,12
DA:275,4
DA:277,12
DA:278,6
DA:279,0
DA:280,6
DA:281,3
DA:285,1
DA:286,8
LF:114
LH:108
end_of_record
SF:lib/src/rendering/block_event.dart
DA:13,6
DA:26,2
DA:38,2
DA:49,1
DA:70,3
LF:5
LH:5
end_of_record
SF:lib/src/rendering/block_widgets.dart
DA:7,2
DA:8,4
DA:11,2
DA:13,2
DA:17,2
DA:20,2
DA:23,2
DA:26,4
DA:32,4
DA:52,4
DA:53,4
DA:59,4
DA:61,4
DA:62,2
DA:63,6
DA:64,12
DA:66,4
DA:67,4
DA:68,8
DA:69,8
DA:70,8
DA:80,2
DA:100,2
DA:101,2
DA:107,2
DA:109,2
DA:110,1
DA:111,3
DA:112,6
DA:114,2
DA:115,2
DA:116,4
DA:117,4
DA:118,4
DA:128,2
DA:148,2
DA:149,2
DA:155,2
DA:157,2
DA:158,1
DA:159,3
DA:160,6
DA:162,2
DA:163,2
DA:164,4
DA:165,4
DA:166,4
DA:176,2
DA:196,2
DA:197,2
DA:203,2
DA:205,2
DA:206,1
DA:207,3
DA:208,6
DA:210,2
DA:211,2
DA:212,4
DA:213,4
DA:214,4
DA:224,2
DA:248,2
DA:249,2
DA:255,2
DA:257,8
DA:258,2
DA:259,4
DA:260,2
DA:262,2
DA:267,2
DA:268,2
DA:269,1
DA:270,3
DA:271,3
DA:272,3
DA:275,2
DA:276,2
DA:277,4
DA:278,4
DA:279,4
DA:293,3
DA:321,3
DA:322,3
DA:328,3
DA:330,12
DA:331,3
DA:332,6
DA:333,3
DA:335,3
DA:336,3
DA:338,3
DA:339,9
DA:343,3
DA:344,3
DA:345,1
DA:346,3
DA:347,3
DA:348,3
DA:351,3
DA:352,3
DA:353,6
DA:354,6
DA:355,6
DA:369,3
DA:393,3
DA:394,3
DA:400,3
DA:402,3
DA:404,3
DA:405,3
DA:406,8
DA:407,2
DA:408,4
DA:409,4
DA:412,3
DA:414,9
DA:417,3
DA:418,3
DA:419,1
DA:420,3
DA:421,6
DA:423,3
DA:424,3
DA:425,6
DA:426,6
DA:427,6
DA:428,3
DA:430,6
DA:431,6
DA:442,3
DA:446,3
DA:448,3
DA:451,3
DA:452,3
DA:453,3
DA:454,3
DA:456,3
DA:470,2
DA:490,2
DA:491,2
DA:497,2
DA:499,2
DA:500,1
DA:501,3
DA:502,6
DA:504,2
DA:508,2
DA:510,2
DA:511,2
DA:512,4
DA:513,4
DA:514,4
DA:526,2
DA:538,2
LF:154
LH:154
end_of_record
SF:lib/src/rendering/block_renderer.dart
DA:25,3
DA:45,3
DA:48,9
DA:49,6
DA:50,7
DA:51,3
DA:52,12
DA:62,2
DA:70,1
DA:72,1
DA:73,2
LF:11
LH:11
end_of_record
SF:lib/src/rendering/block_cursor.dart
DA:27,2
DA:75,2
DA:76,2
DA:84,2
DA:86,2
DA:87,4
DA:88,4
DA:90,6
DA:91,2
DA:92,4
DA:93,2
DA:97,3
DA:101,1
DA:103,1
DA:104,2
DA:105,0
DA:109,2
DA:111,4
DA:112,2
DA:115,2
DA:116,4
DA:117,2
DA:118,10
DA:119,8
DA:123,2
DA:124,4
DA:125,4
DA:128,2
DA:129,4
DA:130,1
DA:131,2
DA:132,2
DA:133,2
DA:134,2
DA:137,2
DA:139,2
DA:140,2
DA:143,2
DA:144,2
DA:145,2
DA:146,2
DA:147,2
DA:148,4
DA:149,2
DA:150,4
DA:151,10
DA:152,4
DA:157,2
DA:163,2
DA:177,2
DA:179,4
DA:181,4
DA:182,2
DA:185,2
DA:186,6
DA:188,4
DA:190,2
DA:191,12
DA:192,6
DA:195,2
DA:196,2
DA:197,4
DA:198,4
DA:199,2
DA:201,2
DA:202,8
DA:207,1
DA:209,3
DA:210,3
DA:211,3
DA:212,3
LF:71
LH:70
end_of_record
SF:lib/src/rendering/block_selection_overlay.dart
DA:14,2
DA:19,2
DA:21,2
DA:22,6
DA:23,6
DA:27,1
DA:29,3
DA:54,1
DA:70,2
DA:72,4
DA:73,2
DA:74,4
DA:75,2
LF:13
LH:13
end_of_record
SF:lib/src/rendering/block_editor_widget.dart
DA:41,1
DA:82,1
DA:83,1
DA:96,1
DA:97,3
DA:99,1
DA:101,1
DA:102,4
DA:103,2
DA:104,3
DA:105,2
DA:106,2
DA:108,6
DA:109,1
DA:110,4
DA:111,1
DA:113,6
DA:114,3
DA:115,1
DA:119,0
DA:121,0
DA:122,0
DA:123,0
DA:124,0
DA:125,0
DA:126,0
DA:127,0
DA:128,0
DA:129,0
DA:131,0
DA:132,0
DA:133,0
DA:136,0
DA:137,0
DA:138,0
DA:139,0
DA:140,0
DA:141,0
DA:142,0
DA:147,1
DA:149,2
DA:150,2
DA:151,3
DA:152,2
DA:153,2
DA:154,2
DA:155,1
DA:158,1
DA:159,2
DA:160,1
DA:162,0
DA:166,1
DA:167,2
DA:168,3
DA:169,1
DA:170,1
DA:171,2
DA:178,2
DA:179,1
DA:182,0
DA:183,0
DA:184,0
DA:185,0
DA:188,1
DA:189,1
DA:190,1
DA:191,3
DA:192,1
DA:193,6
DA:195,2
DA:196,4
DA:197,1
DA:198,1
DA:200,1
DA:201,1
DA:206,0
DA:208,0
DA:209,0
DA:210,0
DA:211,0
DA:212,0
DA:214,0
DA:215,0
DA:217,0
DA:218,0
DA:222,0
DA:226,0
DA:227,0
DA:231,0
DA:237,0
DA:239,0
DA:242,0
DA:243,0
DA:244,0
DA:245,0
DA:249,0
DA:250,0
DA:251,0
DA:252,0
DA:253,0
DA:257,0
DA:258,0
DA:260,0
DA:263,0
DA:265,0
DA:266,0
DA:269,0
DA:270,0
DA:273,0
DA:274,0
DA:276,0
DA:280,0
DA:281,0
DA:282,0
DA:283,0
DA:287,0
DA:288,0
DA:289,0
DA:290,0
DA:293,0
DA:296,0
DA:297,0
DA:298,0
DA:299,0
DA:300,0
DA:301,0
DA:302,0
DA:304,0
DA:305,0
DA:306,0
DA:310,0
DA:315,0
DA:319,0
DA:320,0
DA:323,0
DA:324,0
DA:325,0
DA:329,0
DA:332,0
DA:333,0
DA:337,0
DA:339,0
DA:341,0
DA:342,0
DA:345,0
DA:346,0
DA:348,0
DA:349,0
DA:356,0
DA:357,0
DA:359,0
DA:360,0
DA:361,0
DA:362,0
DA:365,0
DA:366,0
DA:369,0
DA:371,0
DA:372,0
DA:376,0
DA:379,0
DA:382,0
DA:385,0
DA:388,0
DA:390,0
DA:391,0
DA:394,0
DA:400,0
DA:403,0
DA:406,0
DA:409,0
DA:412,0
DA:414,0
DA:415,0
DA:416,0
DA:418,0
DA:419,0
DA:420,0
DA:422,0
DA:423,0
DA:427,0
DA:430,1
DA:431,2
DA:433,1
DA:434,3
DA:435,4
DA:436,2
DA:437,1
DA:438,5
DA:439,1
DA:441,0
DA:442,0
DA:443,0
DA:444,0
DA:448,1
DA:449,2
DA:450,2
DA:455,2
DA:456,2
DA:457,2
DA:458,2
DA:459,1
DA:461,1
DA:462,3
DA:465,1
DA:466,3
DA:469,0
DA:470,1
DA:471,0
DA:474,1
DA:475,0
DA:478,1
DA:479,0
DA:482,1
DA:483,0
DA:486,1
DA:487,3
DA:490,1
DA:491,0
DA:494,1
DA:495,0
DA:498,1
DA:499,1
DA:500,0
DA:503,1
DA:504,0
DA:507,1
DA:508,0
DA:511,1
DA:512,0
DA:515,0
DA:516,0
DA:519,0
DA:520,0
DA:523,1
DA:524,0
DA:527,1
DA:528,0
DA:532,0
DA:533,0
DA:534,0
DA:535,0
DA:543,0
DA:544,0
DA:545,0
DA:548,1
DA:549,3
DA:550,1
DA:551,3
DA:552,2
DA:553,3
DA:554,1
DA:557,1
DA:559,3
DA:560,3
DA:561,1
DA:569,1
DA:570,2
DA:571,3
DA:574,1
DA:575,3
DA:576,3
DA:580,1
DA:582,4
DA:583,1
DA:585,1
DA:586,1
DA:587,2
DA:588,1
DA:589,1
DA:590,1
DA:591,2
DA:592,2
DA:593,1
DA:595,2
DA:596,1
DA:597,3
DA:600,2
DA:602,7
DA:603,2
DA:604,1
DA:607,1
DA:608,3
DA:610,1
DA:611,1
DA:612,1
DA:613,0
DA:614,0
DA:615,1
DA:616,3
DA:618,1
DA:619,1
DA:620,2
DA:621,1
DA:622,1
DA:623,2
DA:625,2
DA:628,2
DA:629,2
DA:630,1
DA:638,2
DA:639,1
DA:640,2
DA:646,1
DA:647,2
DA:649,1
DA:650,1
DA:651,1
DA:659,1
DA:680,1
DA:681,1
DA:688,1
DA:689,3
DA:690,1
DA:691,4
DA:694,1
DA:696,1
DA:697,3
DA:698,9
DA:701,5
DA:705,1
DA:707,1
DA:708,6
DA:709,4
DA:710,0
DA:711,0
DA:712,0
DA:713,0
DA:714,0
DA:715,0
DA:716,0
DA:720,3
DA:724,1
DA:726,2
DA:727,1
DA:730,1
DA:732,1
DA:733,2
DA:734,2
DA:735,1
DA:736,2
DA:737,2
DA:738,2
DA:739,2
DA:740,1
DA:741,1
DA:742,2
DA:743,2
LF:348
LH:180
end_of_record
SF:lib/src/editing/editor_editing_operations.dart
DA:15,2
DA:25,1
DA:26,1
DA:27,2
DA:28,1
DA:29,2
DA:30,2
DA:31,3
DA:33,1
DA:34,2
DA:35,3
DA:36,4
DA:44,1
DA:45,2
DA:46,1
DA:47,1
DA:50,1
DA:51,2
DA:52,2
DA:53,3
DA:56,1
DA:57,1
DA:58,3
DA:59,3
DA:60,3
DA:64,3
DA:65,4
DA:66,1
DA:67,2
DA:68,1
DA:69,1
DA:70,2
DA:71,1
DA:72,4
DA:73,2
DA:74,3
DA:82,1
DA:83,2
DA:84,1
DA:85,0
DA:88,1
DA:89,2
DA:90,2
DA:91,3
DA:93,1
DA:95,3
DA:96,3
DA:97,3
DA:98,2
DA:102,3
DA:103,4
DA:104,3
DA:105,2
DA:106,1
DA:107,3
DA:108,3
DA:109,2
DA:119,1
DA:120,2
DA:121,1
DA:122,2
DA:123,2
DA:124,3
DA:126,1
DA:127,2
DA:129,1
DA:130,2
DA:131,2
DA:135,2
DA:136,1
DA:137,1
DA:138,2
DA:139,1
DA:140,1
DA:141,3
DA:144,3
DA:145,4
DA:146,3
DA:147,3
DA:153,1
DA:154,2
DA:155,1
DA:156,5
DA:157,2
DA:158,2
DA:159,6
DA:165,1
DA:166,2
DA:167,1
DA:168,5
DA:169,2
DA:170,2
DA:171,6
DA:177,0
DA:182,0
DA:187,0
DA:188,0
DA:191,1
DA:192,2
DA:193,1
DA:194,4
DA:198,1
DA:199,2
DA:200,1
DA:201,5
DA:203,3
DA:204,4
DA:208,1
DA:209,3
DA:210,1
DA:211,4
DA:215,1
DA:216,3
DA:217,1
DA:218,1
DA:219,3
DA:220,3
DA:226,1
DA:227,2
DA:228,1
DA:229,2
DA:230,2
DA:231,3
DA:233,2
DA:235,1
DA:236,3
DA:237,4
DA:238,1
DA:239,2
DA:240,3
DA:241,3
DA:245,0
DA:251,1
DA:252,2
DA:253,1
DA:254,2
DA:255,2
DA:256,3
DA:258,2
DA:260,2
DA:261,3
DA:262,4
DA:263,3
DA:264,5
DA:268,0
DA:271,1
DA:276,1
DA:277,1
DA:278,2
DA:280,1
DA:284,2
DA:285,1
DA:286,0
DA:287,0
DA:290,0
DA:293,3
DA:294,2
DA:295,1
DA:296,2
DA:297,2
DA:298,1
DA:299,3
DA:301,2
DA:302,1
DA:303,3
DA:307,1
DA:313,0
DA:319,1
DA:320,1
DA:323,2
DA:324,1
DA:325,0
DA:329,3
DA:332,2
DA:333,1
DA:337,2
DA:339,4
DA:341,2
DA:342,4
DA:345,1
DA:346,3
DA:348,1
DA:349,3
DA:356,1
DA:357,2
DA:359,2
DA:360,1
DA:361,3
DA:362,3
DA:365,0
DA:366,0
DA:369,1
DA:370,7
DA:371,1
DA:372,2
DA:373,2
DA:374,2
DA:375,2
DA:377,1
DA:378,3
DA:380,1
DA:381,2
DA:382,3
DA:383,2
DA:387,3
DA:388,3
DA:391,1
DA:392,1
DA:394,1
DA:395,4
DA:397,3
DA:398,4
DA:399,4
DA:400,2
DA:401,4
DA:403,2
DA:404,2
DA:407,0
DA:408,0
DA:409,0
DA:410,0
DA:411,0
DA:412,0
DA:413,0
DA:414,0
DA:415,0
DA:416,0
DA:421,0
DA:423,0
DA:424,0
DA:425,0
DA:426,0
DA:430,0
DA:431,0
DA:432,0
DA:434,0
DA:435,0
DA:436,0
DA:437,0
DA:438,0
DA:439,0
DA:442,0
DA:443,0
DA:445,0
DA:450,1
DA:451,1
DA:452,1
DA:453,1
DA:455,0
DA:456,0
DA:457,0
DA:458,0
DA:460,0
DA:461,0
DA:466,0
DA:468,0
DA:469,0
DA:471,0
DA:472,0
DA:477,0
LF:260
LH:207
end_of_record
SF:lib/src/rendering/block_drag_handle.dart
DA:13,2
DA:41,2
DA:42,2
DA:48,2
DA:50,6
DA:51,2
DA:53,4
DA:54,4
DA:57,2
DA:58,0
DA:59,0
DA:60,2
DA:62,2
DA:63,4
DA:64,4
DA:65,6
DA:66,2
DA:67,2
DA:79,2
DA:81,2
DA:83,6
DA:95,2
DA:123,2
DA:124,2
DA:130,2
DA:132,2
DA:133,5
DA:134,1
DA:135,1
DA:136,2
DA:137,1
DA:138,1
DA:140,3
DA:142,3
DA:143,1
DA:147,0
DA:148,4
DA:149,2
DA:150,2
DA:152,2
DA:153,4
DA:154,4
DA:163,2
DA:165,1
DA:167,1
DA:170,1
DA:172,1
DA:184,2
DA:192,1
DA:194,1
DA:196,1
DA:197,1
DA:199,1
DA:200,1
DA:201,1
DA:203,2
LF:56
LH:53
end_of_record
SF:lib/src/rendering/block_editor_scope.dart
DA:23,6
DA:68,11
DA:69,11
DA:72,1
DA:74,3
DA:75,3
DA:76,3
DA:77,3
DA:78,3
DA:79,3
DA:80,3
DA:81,3
DA:82,3
LF:13
LH:13
end_of_record
SF:lib/src/plugins/block_plugin.dart
DA:44,1
DA:48,0
DA:55,0
LF:3
LH:1
end_of_record
SF:lib/src/plugins/slash_command_config.dart
DA:35,6
DA:73,1
DA:81,1
DA:82,1
DA:83,2
DA:84,1
DA:85,1
DA:86,1
DA:87,1
DA:89,1
LF:10
LH:10
end_of_record
SF:lib/src/plugins/toolbar_button_config.dart
DA:22,3
DA:38,1
DA:43,1
DA:44,1
DA:45,1
DA:46,1
LF:6
LH:6
end_of_record
SF:lib/src/plugins/block_registry.dart
DA:16,4
DA:17,4
DA:20,12
DA:24,4
DA:25,8
DA:26,12
DA:30,12
DA:31,4
DA:32,4
DA:33,4
DA:34,4
DA:35,4
DA:36,4
DA:37,4
DA:38,4
DA:39,4
DA:40,4
DA:41,4
DA:42,4
DA:50,1
DA:51,3
DA:56,12
DA:61,4
DA:66,8
DA:68,6
DA:70,3
DA:76,1
DA:77,3
DA:84,1
DA:85,1
DA:87,1
DA:92,1
DA:93,1
DA:94,3
DA:95,1
DA:97,5
DA:104,1
DA:105,2
DA:106,3
DA:107,1
DA:108,1
LF:41
LH:41
end_of_record
SF:lib/src/plugins/built_in/built_in_block_plugins.dart
DA:9,4
DA:11,4
DA:14,3
DA:19,3
DA:20,3
DA:21,4
DA:26,0
DA:27,0
DA:29,0
DA:30,0
DA:32,1
DA:33,1
DA:37,0
DA:40,0
DA:47,4
DA:49,4
DA:52,1
DA:57,1
DA:58,1
DA:59,1
DA:64,0
DA:65,0
DA:67,0
DA:68,0
DA:70,1
DA:71,1
DA:75,0
DA:78,0
DA:85,4
DA:87,4
DA:90,1
DA:95,1
DA:96,1
DA:97,1
DA:102,0
DA:103,0
DA:105,0
DA:106,0
DA:108,1
DA:109,1
DA:113,0
DA:116,0
DA:123,4
DA:125,4
DA:128,1
DA:133,1
DA:134,1
DA:135,1
DA:140,0
DA:141,0
DA:143,0
DA:144,0
DA:146,1
DA:147,1
DA:151,0
DA:154,0
DA:161,4
DA:163,4
DA:166,1
DA:171,1
DA:172,1
DA:173,1
DA:174,1
DA:179,0
DA:180,0
DA:182,0
DA:183,0
DA:185,1
DA:186,1
DA:190,0
DA:193,0
DA:200,4
DA:202,4
DA:205,2
DA:210,2
DA:211,2
DA:212,2
DA:213,2
DA:214,4
DA:219,0
DA:220,0
DA:222,0
DA:223,0
DA:225,1
DA:226,1
DA:230,0
DA:233,0
DA:240,4
DA:242,4
DA:245,2
DA:250,2
DA:251,2
DA:252,2
DA:253,4
DA:258,0
DA:259,0
DA:261,0
DA:262,0
DA:264,1
DA:265,1
DA:269,0
DA:272,0
DA:279,4
DA:281,4
DA:284,1
DA:289,1
DA:290,1
DA:291,1
DA:296,0
DA:297,0
DA:299,0
DA:300,0
DA:302,1
DA:303,1
DA:307,0
DA:310,0
DA:317,4
DA:319,4
DA:322,1
DA:327,2
DA:329,0
DA:330,0
DA:332,0
DA:333,0
DA:335,1
DA:336,1
DA:340,0
DA:343,0
LF:128
LH:74
end_of_record
SF:lib/src/plugins/built_in/image_block_config.dart
DA:13,2
DA:45,1
DA:53,1
DA:54,1
DA:55,1
DA:56,1
DA:57,1
DA:58,1
DA:59,1
LF:9
LH:9
end_of_record
SF:lib/src/plugins/built_in/video_block_config.dart
DA:13,1
DA:33,1
DA:39,1
DA:40,1
DA:41,1
DA:42,1
DA:43,1
LF:7
LH:7
end_of_record
SF:lib/src/plugins/built_in/youtube_block_config.dart
DA:13,1
DA:37,1
DA:44,1
DA:45,1
DA:46,1
DA:47,1
DA:48,1
DA:49,1
LF:8
LH:8
end_of_record
SF:lib/src/plugins/built_in/file_block_config.dart
DA:13,1
DA:39,1
DA:45,1
DA:46,1
DA:47,1
DA:48,1
DA:49,1
LF:7
LH:7
end_of_record
SF:lib/src/plugins/built_in/code_block_config.dart
DA:13,1
DA:39,1
DA:46,1
DA:47,2
DA:48,1
DA:49,1
DA:50,1
DA:51,1
LF:8
LH:8
end_of_record
SF:lib/src/plugins/built_in/callout_block_config.dart
DA:13,1
DA:45,1
DA:54,1
DA:55,2
DA:56,1
DA:57,1
DA:59,1
DA:60,1
DA:62,2
DA:63,1
DA:64,1
DA:66,2
DA:67,1
LF:13
LH:13
end_of_record
SF:lib/src/plugins/built_in/link_block_config.dart
DA:13,1
DA:32,1
DA:37,1
DA:38,1
DA:39,1
DA:40,1
LF:6
LH:6
end_of_record
SF:lib/src/plugins/built_in/image_block.dart
DA:20,5
DA:22,5
DA:25,1
DA:31,1
DA:34,1
DA:35,1
DA:37,1
DA:38,1
DA:40,2
DA:41,2
DA:45,0
DA:48,1
DA:53,1
DA:61,1
DA:63,2
DA:64,3
DA:65,1
DA:66,1
DA:67,1
DA:69,1
DA:71,1
DA:73,1
DA:78,1
DA:85,1
DA:86,3
DA:87,2
DA:88,1
DA:92,0
DA:93,0
DA:94,1
DA:96,0
DA:100,1
DA:101,3
DA:102,1
DA:103,2
DA:104,1
DA:105,2
DA:110,1
DA:112,1
DA:113,3
DA:116,0
DA:120,1
DA:121,1
DA:128,1
DA:129,1
DA:136,0
DA:137,0
LF:47
LH:40
end_of_record
SF:lib/src/plugins/built_in/video_block.dart
DA:21,5
DA:23,5
DA:26,1
DA:32,1
DA:35,1
DA:36,1
DA:38,1
DA:39,1
DA:41,2
DA:42,2
DA:46,0
DA:49,1
DA:54,1
DA:63,4
DA:64,4
DA:65,4
DA:67,5
DA:69,1
DA:71,2
DA:73,2
DA:74,1
DA:77,1
DA:78,3
DA:79,1
DA:80,2
DA:82,1
DA:85,1
DA:89,1
DA:90,1
DA:93,1
DA:95,1
DA:96,1
DA:97,1
DA:103,1
DA:104,1
DA:115,2
DA:119,1
DA:121,1
DA:124,1
DA:125,2
DA:128,1
DA:130,1
LF:42
LH:41
end_of_record
SF:lib/src/plugins/built_in/youtube_block.dart
DA:20,5
DA:22,5
DA:25,1
DA:31,1
DA:34,1
DA:35,1
DA:37,1
DA:38,1
DA:40,2
DA:41,2
DA:45,0
DA:48,1
DA:53,1
DA:63,4
DA:65,1
DA:67,2
DA:70,1
DA:72,2
DA:73,1
DA:75,2
DA:76,1
DA:79,1
DA:80,3
DA:81,1
DA:82,2
DA:84,1
DA:87,1
DA:90,1
DA:92,1
DA:93,1
DA:96,1
DA:97,1
DA:102,1
DA:103,1
DA:106,1
DA:108,1
DA:122,1
DA:123,1
LF:38
LH:37
end_of_record
